This file contains any messages produced by compilers while
running configure, to aid debugging if configure makes a mistake.

It was created by sinsy configure 0.92, which was
generated by GNU Autoconf 2.71.  Invocation command line was

  $ ./configure --prefix=/usr --no-create --no-recursion

## --------- ##
## Platform. ##
## --------- ##

hostname = runnervmoqczp
uname -m = x86_64
uname -r = 6.11.0-1018-azure
uname -s = Linux
uname -v = #18~24.04.1-Ubuntu SMP Sat Jun 28 04:46:03 UTC 2025

/usr/bin/uname -p = x86_64
/bin/uname -X     = unknown

/bin/arch              = x86_64
/usr/bin/arch -k       = unknown
/usr/convex/getsysinfo = unknown
/usr/bin/hostinfo      = unknown
/bin/machine           = unknown
/usr/bin/oslevel       = unknown
/bin/universe          = unknown

PATH: /home/runner/work/sinsy/.codeql-scratch/dbs/cpp/working/autobuild/bin/
PATH: /snap/bin/
PATH: /home/runner/.local/bin/
PATH: /opt/pipx_bin/
PATH: /home/runner/.cargo/bin/
PATH: /home/runner/.config/composer/vendor/bin/
PATH: /usr/local/.ghcup/bin/
PATH: /home/runner/.dotnet/tools/
PATH: /usr/local/sbin/
PATH: /usr/local/bin/
PATH: /usr/sbin/
PATH: /usr/bin/
PATH: /sbin/
PATH: /bin/
PATH: /usr/games/
PATH: /usr/local/games/
PATH: /snap/bin/


## ----------- ##
## Core tests. ##
## ----------- ##

configure:2858: looking for aux files: config.guess config.sub compile missing install-sh
configure:2871:  trying ./config/
configure:2900:   ./config/config.guess found
configure:2900:   ./config/config.sub found
configure:2900:   ./config/compile found
configure:2900:   ./config/missing found
configure:2882:   ./config/install-sh found
configure:3033: checking for a BSD-compatible install
configure:3106: result: /usr/bin/install -c
configure:3117: checking whether build environment is sane
configure:3172: result: yes
configure:3331: checking for a race-free mkdir -p
configure:3375: result: /usr/bin/mkdir -p
configure:3382: checking for gawk
configure:3403: found /usr/bin/gawk
configure:3414: result: gawk
configure:3425: checking whether make sets $(MAKE)
configure:3448: result: yes
configure:3478: checking whether make supports nested variables
configure:3496: result: yes
configure:3703: checking for g++
configure:3724: found /home/runner/work/sinsy/.codeql-scratch/dbs/cpp/working/autobuild/bin/g++
configure:3735: result: g++
configure:3762: checking for C++ compiler version
configure:3771: g++ --version >&5
g++ (Ubuntu 13.3.0-6ubuntu2~24.04) 13.3.0
Copyright (C) 2023 Free Software Foundation, Inc.
This is free software; see the source for copying conditions.  There is NO
warranty; not even for MERCHANTABILITY or FITNESS FOR A PARTICULAR PURPOSE.

configure:3782: $? = 0
configure:3771: g++ -v >&5
Using built-in specs.
COLLECT_GCC=/usr/bin/g++
COLLECT_LTO_WRAPPER=/usr/libexec/gcc/x86_64-linux-gnu/13/lto-wrapper
OFFLOAD_TARGET_NAMES=nvptx-none:amdgcn-amdhsa
OFFLOAD_TARGET_DEFAULT=1
Target: x86_64-linux-gnu
Configured with: ../src/configure -v --with-pkgversion='Ubuntu 13.3.0-6ubuntu2~24.04' --with-bugurl=file:///usr/share/doc/gcc-13/README.Bugs --enable-languages=c,ada,c++,go,d,fortran,objc,obj-c++,m2 --prefix=/usr --with-gcc-major-version-only --program-suffix=-13 --program-prefix=x86_64-linux-gnu- --enable-shared --enable-linker-build-id --libexecdir=/usr/libexec --without-included-gettext --enable-threads=posix --libdir=/usr/lib --enable-nls --enable-bootstrap --enable-clocale=gnu --enable-libstdcxx-debug --enable-libstdcxx-time=yes --with-default-libstdcxx-abi=new --enable-libstdcxx-backtrace --enable-gnu-unique-object --disable-vtable-verify --enable-plugin --enable-default-pie --with-system-zlib --enable-libphobos-checking=release --with-target-system-zlib=auto --enable-objc-gc=auto --enable-multiarch --disable-werror --enable-cet --with-arch-32=i686 --with-abi=m64 --with-multilib-list=m32,m64,mx32 --enable-multilib --with-tune=generic --enable-offload-targets=nvptx-none=/build/gcc-13-fG75Ri/gcc-13-13.3.0/debian/tmp-nvptx/usr,amdgcn-amdhsa=/build/gcc-13-fG75Ri/gcc-13-13.3.0/debian/tmp-gcn/usr --enable-offload-defaulted --without-cuda-driver --enable-checking=release --build=x86_64-linux-gnu --host=x86_64-linux-gnu --target=x86_64-linux-gnu --with-build-config=bootstrap-lto-lean --enable-link-serialization=2
Thread model: posix
Supported LTO compression algorithms: zlib zstd
gcc version 13.3.0 (Ubuntu 13.3.0-6ubuntu2~24.04) 
... rest of stderr output deleted ...
configure:3782: $? = 0
configure:3771: g++ -V >&5
g++: error: unrecognized command-line option '-V'
g++: fatal error: no input files
compilation terminated.
configure:3782: $? = 1
configure:3771: g++ -qversion >&5
g++: error: unrecognized command-line option '-qversion'; did you mean '--version'?
g++: fatal error: no input files
compilation terminated.
configure:3782: $? = 1
configure:3802: checking whether the C++ compiler works
configure:3824: g++    conftest.cpp  >&5
configure:3828: $? = 0
configure:3878: result: yes
configure:3881: checking for C++ compiler default output file name
configure:3883: result: a.out
configure:3889: checking for suffix of executables
configure:3896: g++ -o conftest    conftest.cpp  >&5
configure:3900: $? = 0
configure:3923: result: 
configure:3945: checking whether we are cross compiling
configure:3953: g++ -o conftest    conftest.cpp  >&5
configure:3957: $? = 0
configure:3964: ./conftest
configure:3968: $? = 0
configure:3983: result: no
configure:3988: checking for suffix of object files
configure:4011: g++ -c   conftest.cpp >&5
configure:4015: $? = 0
configure:4037: result: o
configure:4041: checking whether the compiler supports GNU C++
configure:4061: g++ -c   conftest.cpp >&5
configure:4061: $? = 0
configure:4071: result: yes
configure:4082: checking whether g++ accepts -g
configure:4103: g++ -c -g  conftest.cpp >&5
configure:4103: $? = 0
configure:4147: result: yes
configure:4167: checking for g++ option to enable C++11 features
configure:4182: g++  -c -g -O2  conftest.cpp >&5
conftest.cpp: In function 'int main(int, char**)':
conftest.cpp:177:25: warning: empty parentheses were disambiguated as a function declaration [-Wvexing-parse]
  177 |   cxx11test::delegate d2();
      |                         ^~
conftest.cpp:177:25: note: remove parentheses to default-initialize a variable
  177 |   cxx11test::delegate d2();
      |                         ^~
      |                         --
conftest.cpp:177:25: note: or replace parentheses with braces to value-initialize a variable
configure:4182: $? = 0
configure:4200: result: none needed
configure:4267: checking whether make supports the include directive
configure:4282: make -f confmf.GNU && cat confinc.out
make[1]: Entering directory '/home/runner/work/sinsy/sinsy'
make[1]: Leaving directory '/home/runner/work/sinsy/sinsy'
this is the am__doit target
configure:4285: $? = 0
configure:4304: result: yes (GNU style)
configure:4330: checking dependency style of g++
configure:4442: result: gcc3
configure:4521: checking for gcc
configure:4542: found /home/runner/work/sinsy/.codeql-scratch/dbs/cpp/working/autobuild/bin/gcc
configure:4553: result: gcc
configure:4906: checking for C compiler version
configure:4915: gcc --version >&5
gcc (Ubuntu 13.3.0-6ubuntu2~24.04) 13.3.0
Copyright (C) 2023 Free Software Foundation, Inc.
This is free software; see the source for copying conditions.  There is NO
warranty; not even for MERCHANTABILITY or FITNESS FOR A PARTICULAR PURPOSE.

configure:4926: $? = 0
configure:4915: gcc -v >&5
Using built-in specs.
COLLECT_GCC=/usr/bin/gcc
COLLECT_LTO_WRAPPER=/usr/libexec/gcc/x86_64-linux-gnu/13/lto-wrapper
OFFLOAD_TARGET_NAMES=nvptx-none:amdgcn-amdhsa
OFFLOAD_TARGET_DEFAULT=1
Target: x86_64-linux-gnu
Configured with: ../src/configure -v --with-pkgversion='Ubuntu 13.3.0-6ubuntu2~24.04' --with-bugurl=file:///usr/share/doc/gcc-13/README.Bugs --enable-languages=c,ada,c++,go,d,fortran,objc,obj-c++,m2 --prefix=/usr --with-gcc-major-version-only --program-suffix=-13 --program-prefix=x86_64-linux-gnu- --enable-shared --enable-linker-build-id --libexecdir=/usr/libexec --without-included-gettext --enable-threads=posix --libdir=/usr/lib --enable-nls --enable-bootstrap --enable-clocale=gnu --enable-libstdcxx-debug --enable-libstdcxx-time=yes --with-default-libstdcxx-abi=new --enable-libstdcxx-backtrace --enable-gnu-unique-object --disable-vtable-verify --enable-plugin --enable-default-pie --with-system-zlib --enable-libphobos-checking=release --with-target-system-zlib=auto --enable-objc-gc=auto --enable-multiarch --disable-werror --enable-cet --with-arch-32=i686 --with-abi=m64 --with-multilib-list=m32,m64,mx32 --enable-multilib --with-tune=generic --enable-offload-targets=nvptx-none=/build/gcc-13-fG75Ri/gcc-13-13.3.0/debian/tmp-nvptx/usr,amdgcn-amdhsa=/build/gcc-13-fG75Ri/gcc-13-13.3.0/debian/tmp-gcn/usr --enable-offload-defaulted --without-cuda-driver --enable-checking=release --build=x86_64-linux-gnu --host=x86_64-linux-gnu --target=x86_64-linux-gnu --with-build-config=bootstrap-lto-lean --enable-link-serialization=2
Thread model: posix
Supported LTO compression algorithms: zlib zstd
gcc version 13.3.0 (Ubuntu 13.3.0-6ubuntu2~24.04) 
... rest of stderr output deleted ...
configure:4926: $? = 0
configure:4915: gcc -V >&5
gcc: error: unrecognized command-line option '-V'
gcc: fatal error: no input files
compilation terminated.
configure:4926: $? = 1
configure:4915: gcc -qversion >&5
gcc: error: unrecognized command-line option '-qversion'; did you mean '--version'?
gcc: fatal error: no input files
compilation terminated.
configure:4926: $? = 1
configure:4915: gcc -version >&5
gcc: error: unrecognized command-line option '-version'
gcc: fatal error: no input files
compilation terminated.
configure:4926: $? = 1
configure:4930: checking whether the compiler supports GNU C
configure:4950: gcc -c   conftest.c >&5
configure:4950: $? = 0
configure:4960: result: yes
configure:4971: checking whether gcc accepts -g
configure:4992: gcc -c -g  conftest.c >&5
configure:4992: $? = 0
configure:5036: result: yes
configure:5056: checking for gcc option to enable C11 features
configure:5071: gcc  -c -g -O2  conftest.c >&5
configure:5071: $? = 0
configure:5089: result: none needed
configure:5205: checking whether gcc understands -c and -o together
configure:5228: gcc -c conftest.c -o conftest2.o
configure:5231: $? = 0
configure:5228: gcc -c conftest.c -o conftest2.o
configure:5231: $? = 0
configure:5243: result: yes
configure:5262: checking dependency style of gcc
configure:5374: result: gcc3
configure:5439: checking for ranlib
configure:5460: found /usr/bin/ranlib
configure:5471: result: ranlib
configure:5544: checking for ar
configure:5565: found /usr/bin/ar
configure:5576: result: ar
configure:5601: checking for log in -lm
configure:5624: gcc -o conftest -g -O2   conftest.c -lm   >&5
conftest.c:15:6: warning: conflicting types for built-in function 'log'; expected 'double(double)' [-Wbuiltin-declaration-mismatch]
   15 | char log ();
      |      ^~~
conftest.c:1:1: note: 'log' is declared in header '<math.h>'
    1 | /* confdefs.h */
configure:5624: $? = 0
configure:5634: result: yes
configure:5651: checking for stdio.h
configure:5651: gcc -c -g -O2  conftest.c >&5
configure:5651: $? = 0
configure:5651: result: yes
configure:5651: checking for stdlib.h
configure:5651: gcc -c -g -O2  conftest.c >&5
configure:5651: $? = 0
configure:5651: result: yes
configure:5651: checking for string.h
configure:5651: gcc -c -g -O2  conftest.c >&5
configure:5651: $? = 0
configure:5651: result: yes
configure:5651: checking for inttypes.h
configure:5651: gcc -c -g -O2  conftest.c >&5
configure:5651: $? = 0
configure:5651: result: yes
configure:5651: checking for stdint.h
configure:5651: gcc -c -g -O2  conftest.c >&5
configure:5651: $? = 0
configure:5651: result: yes
configure:5651: checking for strings.h
configure:5651: gcc -c -g -O2  conftest.c >&5
configure:5651: $? = 0
configure:5651: result: yes
configure:5651: checking for sys/stat.h
configure:5651: gcc -c -g -O2  conftest.c >&5
configure:5651: $? = 0
configure:5651: result: yes
configure:5651: checking for sys/types.h
configure:5651: gcc -c -g -O2  conftest.c >&5
configure:5651: $? = 0
configure:5651: result: yes
configure:5651: checking for unistd.h
configure:5651: gcc -c -g -O2  conftest.c >&5
configure:5651: $? = 0
configure:5651: result: yes
configure:5676: checking for grep that handles long lines and -e
configure:5740: result: /usr/bin/grep
configure:5748: checking for egrep
configure:5816: result: /usr/bin/grep -E
configure:5822: checking for stdlib.h
configure:5822: result: yes
configure:5828: checking for string.h
configure:5828: result: yes
configure:5838: checking for an ANSI C-conforming const
configure:5905: gcc -c -g -O2  conftest.c >&5
configure:5905: $? = 0
configure:5913: result: yes
configure:5921: checking for size_t
configure:5921: gcc -c -g -O2  conftest.c >&5
configure:5921: $? = 0
configure:5921: gcc -c -g -O2  conftest.c >&5
conftest.c: In function 'main':
conftest.c:55:21: error: expected expression before ')' token
   55 | if (sizeof ((size_t)))
      |                     ^
configure:5921: $? = 1
configure: failed program was:
| /* confdefs.h */
| #define PACKAGE_NAME "sinsy"
| #define PACKAGE_TARNAME "sinsy"
| #define PACKAGE_VERSION "0.92"
| #define PACKAGE_STRING "sinsy 0.92"
| #define PACKAGE_BUGREPORT "http://sinsy.sourceforge.net/"
| #define PACKAGE_URL ""
| #define PACKAGE "sinsy"
| #define VERSION "0.92"
| #define HAVE_LIBM 1
| #define HAVE_STDIO_H 1
| #define HAVE_STDLIB_H 1
| #define HAVE_STRING_H 1
| #define HAVE_INTTYPES_H 1
| #define HAVE_STDINT_H 1
| #define HAVE_STRINGS_H 1
| #define HAVE_SYS_STAT_H 1
| #define HAVE_SYS_TYPES_H 1
| #define HAVE_UNISTD_H 1
| #define STDC_HEADERS 1
| #define HAVE_STDLIB_H 1
| #define HAVE_STRING_H 1
| /* end confdefs.h.  */
| #include <stddef.h>
| #ifdef HAVE_STDIO_H
| # include <stdio.h>
| #endif
| #ifdef HAVE_STDLIB_H
| # include <stdlib.h>
| #endif
| #ifdef HAVE_STRING_H
| # include <string.h>
| #endif
| #ifdef HAVE_INTTYPES_H
| # include <inttypes.h>
| #endif
| #ifdef HAVE_STDINT_H
| # include <stdint.h>
| #endif
| #ifdef HAVE_STRINGS_H
| # include <strings.h>
| #endif
| #ifdef HAVE_SYS_TYPES_H
| # include <sys/types.h>
| #endif
| #ifdef HAVE_SYS_STAT_H
| # include <sys/stat.h>
| #endif
| #ifdef HAVE_UNISTD_H
| # include <unistd.h>
| #endif
| int
| main (void)
| {
| if (sizeof ((size_t)))
| 	    return 0;
|   ;
|   return 0;
| }
configure:5921: result: yes
configure:5935: checking size of char
configure:5941: gcc -o conftest -g -O2   conftest.c -lm  >&5
configure:5941: $? = 0
configure:5941: ./conftest
configure:5941: $? = 0
configure:5956: result: 1
configure:5968: checking size of unsigned char
configure:5974: gcc -o conftest -g -O2   conftest.c -lm  >&5
configure:5974: $? = 0
configure:5974: ./conftest
configure:5974: $? = 0
configure:5989: result: 1
configure:6001: checking size of short
configure:6007: gcc -o conftest -g -O2   conftest.c -lm  >&5
configure:6007: $? = 0
configure:6007: ./conftest
configure:6007: $? = 0
configure:6022: result: 2
configure:6034: checking size of unsigned short
configure:6040: gcc -o conftest -g -O2   conftest.c -lm  >&5
configure:6040: $? = 0
configure:6040: ./conftest
configure:6040: $? = 0
configure:6055: result: 2
configure:6067: checking size of int
configure:6073: gcc -o conftest -g -O2   conftest.c -lm  >&5
configure:6073: $? = 0
configure:6073: ./conftest
configure:6073: $? = 0
configure:6088: result: 4
configure:6100: checking size of unsigned int
configure:6106: gcc -o conftest -g -O2   conftest.c -lm  >&5
configure:6106: $? = 0
configure:6106: ./conftest
configure:6106: $? = 0
configure:6121: result: 4
configure:6133: checking size of long
configure:6139: gcc -o conftest -g -O2   conftest.c -lm  >&5
configure:6139: $? = 0
configure:6139: ./conftest
configure:6139: $? = 0
configure:6154: result: 8
configure:6166: checking size of unsigned long
configure:6172: gcc -o conftest -g -O2   conftest.c -lm  >&5
configure:6172: $? = 0
configure:6172: ./conftest
configure:6172: $? = 0
configure:6187: result: 8
configure:6199: checking size of long long
configure:6205: gcc -o conftest -g -O2   conftest.c -lm  >&5
configure:6205: $? = 0
configure:6205: ./conftest
configure:6205: $? = 0
configure:6220: result: 8
configure:6232: checking size of unsigned long long
configure:6238: gcc -o conftest -g -O2   conftest.c -lm  >&5
configure:6238: $? = 0
configure:6238: ./conftest
configure:6238: $? = 0
configure:6253: result: 8
configure:6267: checking for vprintf
configure:6267: gcc -o conftest -g -O2   conftest.c -lm  >&5
conftest.c:50:6: warning: conflicting types for built-in function 'vprintf'; expected 'int(const char *, __va_list_tag *)' [-Wbuiltin-declaration-mismatch]
   50 | char vprintf ();
      |      ^~~~~~~
conftest.c:42:1: note: 'vprintf' is declared in header '<stdio.h>'
   41 | #include <limits.h>
   42 | #undef vprintf
configure:6267: $? = 0
configure:6267: result: yes
configure:6288: checking for sqrt
configure:6288: gcc -o conftest -g -O2   conftest.c -lm  >&5
conftest.c:51:6: warning: conflicting types for built-in function 'sqrt'; expected 'double(double)' [-Wbuiltin-declaration-mismatch]
   51 | char sqrt ();
      |      ^~~~
conftest.c:43:1: note: 'sqrt' is declared in header '<math.h>'
   42 | #include <limits.h>
   43 | #undef sqrt
configure:6288: $? = 0
configure:6288: result: yes
configure:6294: checking for strchr
configure:6294: gcc -o conftest -g -O2   conftest.c -lm  >&5
conftest.c:52:6: warning: conflicting types for built-in function 'strchr'; expected 'char *(const char *, int)' [-Wbuiltin-declaration-mismatch]
   52 | char strchr ();
      |      ^~~~~~
conftest.c:44:1: note: 'strchr' is declared in header '<string.h>'
   43 | #include <limits.h>
   44 | #undef strchr
configure:6294: $? = 0
configure:6294: result: yes
configure:6300: checking for strrchr
configure:6300: gcc -o conftest -g -O2   conftest.c -lm  >&5
conftest.c:53:6: warning: conflicting types for built-in function 'strrchr'; expected 'char *(const char *, int)' [-Wbuiltin-declaration-mismatch]
   53 | char strrchr ();
      |      ^~~~~~~
conftest.c:45:1: note: 'strrchr' is declared in header '<string.h>'
   44 | #include <limits.h>
   45 | #undef strrchr
configure:6300: $? = 0
configure:6300: result: yes
configure:6306: checking for strstr
configure:6306: gcc -o conftest -g -O2   conftest.c -lm  >&5
conftest.c:54:6: warning: conflicting types for built-in function 'strstr'; expected 'char *(const char *, const char *)' [-Wbuiltin-declaration-mismatch]
   54 | char strstr ();
      |      ^~~~~~
conftest.c:46:1: note: 'strstr' is declared in header '<string.h>'
   45 | #include <limits.h>
   46 | #undef strstr
configure:6306: $? = 0
configure:6306: result: yes
configure:6320: checking build system type
configure:6335: result: x86_64-pc-linux-gnu
configure:6355: checking host system type
configure:6369: result: x86_64-pc-linux-gnu
configure:6389: checking whether byte ordering is bigendian
configure:6405: gcc -c -g -O2  conftest.c >&5
conftest.c:40:16: error: unknown type name 'not'
   40 |                not a universal capable compiler
      |                ^~~
conftest.c:40:22: error: expected '=', ',', ';', 'asm' or '__attribute__' before 'universal'
   40 |                not a universal capable compiler
      |                      ^~~~~~~~~
conftest.c:40:22: error: unknown type name 'universal'
configure:6405: $? = 1
configure: failed program was:
| /* confdefs.h */
| #define PACKAGE_NAME "sinsy"
| #define PACKAGE_TARNAME "sinsy"
| #define PACKAGE_VERSION "0.92"
| #define PACKAGE_STRING "sinsy 0.92"
| #define PACKAGE_BUGREPORT "http://sinsy.sourceforge.net/"
| #define PACKAGE_URL ""
| #define PACKAGE "sinsy"
| #define VERSION "0.92"
| #define HAVE_LIBM 1
| #define HAVE_STDIO_H 1
| #define HAVE_STDLIB_H 1
| #define HAVE_STRING_H 1
| #define HAVE_INTTYPES_H 1
| #define HAVE_STDINT_H 1
| #define HAVE_STRINGS_H 1
| #define HAVE_SYS_STAT_H 1
| #define HAVE_SYS_TYPES_H 1
| #define HAVE_UNISTD_H 1
| #define STDC_HEADERS 1
| #define HAVE_STDLIB_H 1
| #define HAVE_STRING_H 1
| #define SIZEOF_CHAR 1
| #define SIZEOF_UNSIGNED_CHAR 1
| #define SIZEOF_SHORT 2
| #define SIZEOF_UNSIGNED_SHORT 2
| #define SIZEOF_INT 4
| #define SIZEOF_UNSIGNED_INT 4
| #define SIZEOF_LONG 8
| #define SIZEOF_UNSIGNED_LONG 8
| #define SIZEOF_LONG_LONG 8
| #define SIZEOF_UNSIGNED_LONG_LONG 8
| #define HAVE_VPRINTF 1
| #define HAVE_SQRT 1
| #define HAVE_STRCHR 1
| #define HAVE_STRRCHR 1
| #define HAVE_STRSTR 1
| /* end confdefs.h.  */
| #ifndef __APPLE_CC__
| 	       not a universal capable compiler
| 	     #endif
| 	     typedef int dummy;
| 
configure:6451: gcc -c -g -O2  conftest.c >&5
configure:6451: $? = 0
configure:6470: gcc -c -g -O2  conftest.c >&5
conftest.c: In function 'main':
conftest.c:46:18: error: unknown type name 'not'; did you mean 'ino_t'?
   46 |                  not big endian
      |                  ^~~
      |                  ino_t
conftest.c:46:26: error: expected '=', ',', ';', 'asm' or '__attribute__' before 'endian'
   46 |                  not big endian
      |                          ^~~~~~
configure:6470: $? = 1
configure: failed program was:
| /* confdefs.h */
| #define PACKAGE_NAME "sinsy"
| #define PACKAGE_TARNAME "sinsy"
| #define PACKAGE_VERSION "0.92"
| #define PACKAGE_STRING "sinsy 0.92"
| #define PACKAGE_BUGREPORT "http://sinsy.sourceforge.net/"
| #define PACKAGE_URL ""
| #define PACKAGE "sinsy"
| #define VERSION "0.92"
| #define HAVE_LIBM 1
| #define HAVE_STDIO_H 1
| #define HAVE_STDLIB_H 1
| #define HAVE_STRING_H 1
| #define HAVE_INTTYPES_H 1
| #define HAVE_STDINT_H 1
| #define HAVE_STRINGS_H 1
| #define HAVE_SYS_STAT_H 1
| #define HAVE_SYS_TYPES_H 1
| #define HAVE_UNISTD_H 1
| #define STDC_HEADERS 1
| #define HAVE_STDLIB_H 1
| #define HAVE_STRING_H 1
| #define SIZEOF_CHAR 1
| #define SIZEOF_UNSIGNED_CHAR 1
| #define SIZEOF_SHORT 2
| #define SIZEOF_UNSIGNED_SHORT 2
| #define SIZEOF_INT 4
| #define SIZEOF_UNSIGNED_INT 4
| #define SIZEOF_LONG 8
| #define SIZEOF_UNSIGNED_LONG 8
| #define SIZEOF_LONG_LONG 8
| #define SIZEOF_UNSIGNED_LONG_LONG 8
| #define HAVE_VPRINTF 1
| #define HAVE_SQRT 1
| #define HAVE_STRCHR 1
| #define HAVE_STRRCHR 1
| #define HAVE_STRSTR 1
| /* end confdefs.h.  */
| #include <sys/types.h>
| 		#include <sys/param.h>
| 
| int
| main (void)
| {
| #if BYTE_ORDER != BIG_ENDIAN
| 		 not big endian
| 		#endif
| 
|   ;
|   return 0;
| }
configure:6604: result: no
configure:6727: checking that generated files are newer than configure
configure:6733: result: done
configure:6761: creating ./config.status

## ---------------- ##
## Cache variables. ##
## ---------------- ##

ac_cv_build=x86_64-pc-linux-gnu
ac_cv_c_bigendian=no
ac_cv_c_compiler_gnu=yes
ac_cv_c_const=yes
ac_cv_cxx_compiler_gnu=yes
ac_cv_env_CCC_set=
ac_cv_env_CCC_value=
ac_cv_env_CC_set=
ac_cv_env_CC_value=
ac_cv_env_CFLAGS_set=
ac_cv_env_CFLAGS_value=
ac_cv_env_CPPFLAGS_set=
ac_cv_env_CPPFLAGS_value=
ac_cv_env_CXXFLAGS_set=
ac_cv_env_CXXFLAGS_value=
ac_cv_env_CXX_set=
ac_cv_env_CXX_value=
ac_cv_env_LDFLAGS_set=
ac_cv_env_LDFLAGS_value=
ac_cv_env_LIBS_set=
ac_cv_env_LIBS_value=
ac_cv_env_build_alias_set=
ac_cv_env_build_alias_value=
ac_cv_env_host_alias_set=
ac_cv_env_host_alias_value=
ac_cv_env_target_alias_set=
ac_cv_env_target_alias_value=
ac_cv_func_sqrt=yes
ac_cv_func_strchr=yes
ac_cv_func_strrchr=yes
ac_cv_func_strstr=yes
ac_cv_func_vprintf=yes
ac_cv_header_inttypes_h=yes
ac_cv_header_stdint_h=yes
ac_cv_header_stdio_h=yes
ac_cv_header_stdlib_h=yes
ac_cv_header_string_h=yes
ac_cv_header_strings_h=yes
ac_cv_header_sys_stat_h=yes
ac_cv_header_sys_types_h=yes
ac_cv_header_unistd_h=yes
ac_cv_host=x86_64-pc-linux-gnu
ac_cv_lib_m_log=yes
ac_cv_objext=o
ac_cv_path_EGREP='/usr/bin/grep -E'
ac_cv_path_GREP=/usr/bin/grep
ac_cv_path_install='/usr/bin/install -c'
ac_cv_path_mkdir=/usr/bin/mkdir
ac_cv_prog_AWK=gawk
ac_cv_prog_ac_ct_AR=ar
ac_cv_prog_ac_ct_CC=gcc
ac_cv_prog_ac_ct_CXX=g++
ac_cv_prog_ac_ct_RANLIB=ranlib
ac_cv_prog_cc_c11=
ac_cv_prog_cc_g=yes
ac_cv_prog_cc_stdc=
ac_cv_prog_cxx_cxx11=
ac_cv_prog_cxx_g=yes
ac_cv_prog_cxx_stdcxx=
ac_cv_prog_make_make_set=yes
ac_cv_sizeof_char=1
ac_cv_sizeof_int=4
ac_cv_sizeof_long=8
ac_cv_sizeof_long_long=8
ac_cv_sizeof_short=2
ac_cv_sizeof_unsigned_char=1
ac_cv_sizeof_unsigned_int=4
ac_cv_sizeof_unsigned_long=8
ac_cv_sizeof_unsigned_long_long=8
ac_cv_sizeof_unsigned_short=2
ac_cv_type_size_t=yes
am_cv_CC_dependencies_compiler_type=gcc3
am_cv_CXX_dependencies_compiler_type=gcc3
am_cv_make_support_nested_variables=yes
am_cv_prog_cc_c_o=yes

## ----------------- ##
## Output variables. ##
## ----------------- ##

ACLOCAL='${SHELL} '\''/home/runner/work/sinsy/sinsy/config/missing'\'' aclocal-1.16'
AMDEPBACKSLASH='\'
AMDEP_FALSE='#'
AMDEP_TRUE=''
AMTAR='$${TAR-tar}'
AM_BACKSLASH='\'
AM_DEFAULT_V='$(AM_DEFAULT_VERBOSITY)'
AM_DEFAULT_VERBOSITY='1'
AM_V='$(V)'
AR='ar'
AUTOCONF='${SHELL} '\''/home/runner/work/sinsy/sinsy/config/missing'\'' autoconf'
AUTOHEADER='${SHELL} '\''/home/runner/work/sinsy/sinsy/config/missing'\'' autoheader'
AUTOMAKE='${SHELL} '\''/home/runner/work/sinsy/sinsy/config/missing'\'' automake-1.16'
AWK='gawk'
CC='gcc'
CCDEPMODE='depmode=gcc3'
CFLAGS='-g -O2'
CPPFLAGS=''
CSCOPE='cscope'
CTAGS='ctags'
CXX='g++'
CXXDEPMODE='depmode=gcc3'
CXXFLAGS='-std=c++11'
CYGPATH_W='echo'
DEFS='-DHAVE_CONFIG_H'
DEPDIR='.deps'
ECHO_C=''
ECHO_N='-n'
ECHO_T=''
EGREP='/usr/bin/grep -E'
ETAGS='etags'
EXEEXT=''
GREP='/usr/bin/grep'
INSTALL_DATA='${INSTALL} -m 644'
INSTALL_PROGRAM='${INSTALL}'
INSTALL_SCRIPT='${INSTALL}'
INSTALL_STRIP_PROGRAM='$(install_sh) -c -s'
LDFLAGS=''
LIBOBJS=''
LIBS='-lm '
LTLIBOBJS=''
MAKEINFO='${SHELL} '\''/home/runner/work/sinsy/sinsy/config/missing'\'' makeinfo'
MKDIR_P='/usr/bin/mkdir -p'
OBJEXT='o'
PACKAGE='sinsy'
PACKAGE_BUGREPORT='http://sinsy.sourceforge.net/'
PACKAGE_NAME='sinsy'
PACKAGE_STRING='sinsy 0.92'
PACKAGE_TARNAME='sinsy'
PACKAGE_URL=''
PACKAGE_VERSION='0.92'
PATH_SEPARATOR=':'
RANLIB='ranlib'
SET_MAKE=''
SHELL='/bin/bash'
STRIP=''
VERSION='0.92'
ac_ct_CC='gcc'
ac_ct_CXX='g++'
am__EXEEXT_FALSE=''
am__EXEEXT_TRUE='#'
am__fastdepCC_FALSE='#'
am__fastdepCC_TRUE=''
am__fastdepCXX_FALSE='#'
am__fastdepCXX_TRUE=''
am__include='include'
am__isrc=''
am__leading_dot='.'
am__nodep='_no'
am__quote=''
am__tar='$${TAR-tar} chof - "$$tardir"'
am__untar='$${TAR-tar} xf -'
bindir='${exec_prefix}/bin'
build='x86_64-pc-linux-gnu'
build_alias=''
build_cpu='x86_64'
build_os='linux-gnu'
build_vendor='pc'
datadir='${datarootdir}'
datarootdir='${prefix}/share'
docdir='${datarootdir}/doc/${PACKAGE_TARNAME}'
dvidir='${docdir}'
exec_prefix='${prefix}'
host='x86_64-pc-linux-gnu'
host_alias=''
host_cpu='x86_64'
host_os='linux-gnu'
host_vendor='pc'
htmldir='${docdir}'
includedir='${prefix}/include'
infodir='${datarootdir}/info'
install_sh='${SHELL} /home/runner/work/sinsy/sinsy/config/install-sh'
libdir='${exec_prefix}/lib'
libexecdir='${exec_prefix}/libexec'
localedir='${datarootdir}/locale'
localstatedir='${prefix}/var'
mandir='${datarootdir}/man'
mkdir_p='$(MKDIR_P)'
oldincludedir='/usr/include'
pdfdir='${docdir}'
prefix='/usr'
program_transform_name='s,x,x,'
psdir='${docdir}'
runstatedir='${localstatedir}/run'
sbindir='${exec_prefix}/sbin'
sharedstatedir='${prefix}/com'
sysconfdir='${prefix}/etc'
target_alias=''

## ----------- ##
## confdefs.h. ##
## ----------- ##

/* confdefs.h */
#define PACKAGE_NAME "sinsy"
#define PACKAGE_TARNAME "sinsy"
#define PACKAGE_VERSION "0.92"
#define PACKAGE_STRING "sinsy 0.92"
#define PACKAGE_BUGREPORT "http://sinsy.sourceforge.net/"
#define PACKAGE_URL ""
#define PACKAGE "sinsy"
#define VERSION "0.92"
#define HAVE_LIBM 1
#define HAVE_STDIO_H 1
#define HAVE_STDLIB_H 1
#define HAVE_STRING_H 1
#define HAVE_INTTYPES_H 1
#define HAVE_STDINT_H 1
#define HAVE_STRINGS_H 1
#define HAVE_SYS_STAT_H 1
#define HAVE_SYS_TYPES_H 1
#define HAVE_UNISTD_H 1
#define STDC_HEADERS 1
#define HAVE_STDLIB_H 1
#define HAVE_STRING_H 1
#define SIZEOF_CHAR 1
#define SIZEOF_UNSIGNED_CHAR 1
#define SIZEOF_SHORT 2
#define SIZEOF_UNSIGNED_SHORT 2
#define SIZEOF_INT 4
#define SIZEOF_UNSIGNED_INT 4
#define SIZEOF_LONG 8
#define SIZEOF_UNSIGNED_LONG 8
#define SIZEOF_LONG_LONG 8
#define SIZEOF_UNSIGNED_LONG_LONG 8
#define HAVE_VPRINTF 1
#define HAVE_SQRT 1
#define HAVE_STRCHR 1
#define HAVE_STRRCHR 1
#define HAVE_STRSTR 1

configure: exit 0

## ---------------------- ##
## Running config.status. ##
## ---------------------- ##

This file was extended by sinsy config.status 0.92, which was
generated by GNU Autoconf 2.71.  Invocation command line was

  CONFIG_FILES    = 
  CONFIG_HEADERS  = 
  CONFIG_LINKS    = 
  CONFIG_COMMANDS = 
  $ ./config.status 

on runnervmoqczp

config.status:885: creating Makefile
config.status:885: creating lib/Makefile
config.status:885: creating bin/Makefile
config.status:885: creating dic/Makefile
config.status:885: creating include/config.h
config.status:1114: executing depfiles commands
config.status:1191: cd lib       && sed -e '/# am--include-marker/d' Makefile         | make -f - am--depfiles
make[1]: warning: jobserver unavailable: using -j1.  Add '+' to parent make rule.
make[1]: Entering directory '/home/runner/work/sinsy/sinsy/lib'
make[1]: Leaving directory '/home/runner/work/sinsy/sinsy/lib'
config.status:1196: $? = 0
config.status:1191: cd bin       && sed -e '/# am--include-marker/d' Makefile         | make -f - am--depfiles
make[1]: warning: jobserver unavailable: using -j1.  Add '+' to parent make rule.
make[1]: Entering directory '/home/runner/work/sinsy/sinsy/bin'
make[1]: Nothing to be done for 'am--depfiles'.
make[1]: Leaving directory '/home/runner/work/sinsy/sinsy/bin'
config.status:1196: $? = 0
