This file contains any messages produced by compilers while
running configure, to aid debugging if configure makes a mistake.

It was created by hts_engine_API configure 1.10, which was
generated by GNU Autoconf 2.69.  Invocation command line was

  $ ./configure --prefix=/workspaces/sinsy/wasm_install --host=wasm32-unknown-emscripten

## --------- ##
## Platform. ##
## --------- ##

hostname = codespaces-11f37e
uname -m = x86_64
uname -r = 6.8.0-1030-azure
uname -s = Linux
uname -v = #35~22.04.1-Ubuntu SMP Mon May 26 18:08:30 UTC 2025

/usr/bin/uname -p = x86_64
/bin/uname -X     = unknown

/bin/arch              = x86_64
/usr/bin/arch -k       = unknown
/usr/convex/getsysinfo = unknown
/usr/bin/hostinfo      = unknown
/bin/machine           = unknown
/usr/bin/oslevel       = unknown
/bin/universe          = unknown

PATH: /workspaces/sinsy/emsdk/upstream/emscripten/cache/sysroot/bin
PATH: /workspaces/sinsy/emsdk
PATH: /workspaces/sinsy/emsdk/upstream/emscripten
PATH: /vscode/bin/linux-x64/bf9252a2fb45be6893dd8870c0bf37e2e1766d61/bin/remote-cli
PATH: /home/codespace/.local/bin
PATH: /home/codespace/.dotnet
PATH: /home/codespace/nvm/current/bin
PATH: /home/codespace/.php/current/bin
PATH: /home/codespace/.python/current/bin
PATH: /home/codespace/java/current/bin
PATH: /home/codespace/.ruby/current/bin
PATH: /usr/local/python/current/bin
PATH: /usr/local/py-utils/bin
PATH: /usr/local/jupyter
PATH: /usr/local/oryx
PATH: /usr/local/go/bin
PATH: /go/bin
PATH: /usr/local/sdkman/bin
PATH: /usr/local/sdkman/candidates/java/current/bin
PATH: /usr/local/sdkman/candidates/gradle/current/bin
PATH: /usr/local/sdkman/candidates/maven/current/bin
PATH: /usr/local/sdkman/candidates/ant/current/bin
PATH: /usr/local/rvm/gems/default/bin
PATH: /usr/local/rvm/gems/default@global/bin
PATH: /usr/local/rvm/rubies/default/bin
PATH: /usr/local/share/rbenv/bin
PATH: /usr/local/php/current/bin
PATH: /opt/conda/bin
PATH: /usr/local/nvs
PATH: /usr/local/share/nvm/current/bin
PATH: /usr/local/hugo/bin
PATH: /usr/local/sbin
PATH: /usr/local/bin
PATH: /usr/sbin
PATH: /usr/bin
PATH: /sbin
PATH: /bin
PATH: /usr/share/dotnet
PATH: /home/codespace/.dotnet/tools
PATH: /usr/local/rvm/bin


## ----------- ##
## Core tests. ##
## ----------- ##

configure:2277: checking for a BSD-compatible install
configure:2345: result: /usr/bin/install -c
configure:2356: checking whether build environment is sane
configure:2411: result: yes
configure:2468: checking for wasm32-unknown-emscripten-strip
configure:2498: result: no
configure:2508: checking for strip
configure:2524: found /usr/bin/strip
configure:2535: result: strip
configure:2560: checking for a thread-safe mkdir -p
configure:2599: result: /usr/bin/mkdir -p
configure:2606: checking for gawk
configure:2622: found /usr/bin/gawk
configure:2633: result: gawk
configure:2644: checking whether make sets $(MAKE)
configure:2666: result: yes
configure:2695: checking whether make supports nested variables
configure:2712: result: yes
configure:2848: checking for wasm32-unknown-emscripten-gcc
configure:2875: result: /workspaces/sinsy/emsdk/upstream/emscripten/emcc
configure:3144: checking for C compiler version
configure:3153: /workspaces/sinsy/emsdk/upstream/emscripten/emcc --version >&5
emcc (Emscripten gcc/clang-like replacement + linker emulating GNU ld) 4.0.21 (d6f42310010ddec0753a69bab01a4b33aae255b7)
Copyright (C) 2025 the Emscripten authors (see AUTHORS.txt)
This is free and open source software under the MIT license.
There is NO warranty; not even for MERCHANTABILITY or FITNESS FOR A PARTICULAR PURPOSE.

configure:3164: $? = 0
configure:3153: /workspaces/sinsy/emsdk/upstream/emscripten/emcc -v >&5
emcc (Emscripten gcc/clang-like replacement + linker emulating GNU ld) 4.0.21 (d6f42310010ddec0753a69bab01a4b33aae255b7)
clang version 22.0.0git (https:/github.com/llvm/llvm-project 60513b8d6ebacde46e8fbe4faf1319ac87e990e3)
Target: wasm32-unknown-emscripten
Thread model: posix
InstalledDir: /workspaces/sinsy/emsdk/upstream/bin
configure:3164: $? = 0
configure:3153: /workspaces/sinsy/emsdk/upstream/emscripten/emcc -V >&5
emcc: error: no input files
configure:3164: $? = 1
configure:3153: /workspaces/sinsy/emsdk/upstream/emscripten/emcc -qversion >&5
emcc: error: no input files
configure:3164: $? = 1
configure:3184: checking whether the C compiler works
configure:3206: /workspaces/sinsy/emsdk/upstream/emscripten/emcc    conftest.c  >&5
configure:3210: $? = 0
configure:3258: result: yes
configure:3261: checking for C compiler default output file name
configure:3263: result: a.out
configure:3269: checking for suffix of executables
configure:3276: /workspaces/sinsy/emsdk/upstream/emscripten/emcc -o conftest    conftest.c  >&5
configure:3280: $? = 0
configure:3302: result: 
configure:3324: checking whether we are cross compiling
configure:3332: /workspaces/sinsy/emsdk/upstream/emscripten/emcc -o conftest    conftest.c  >&5
configure:3336: $? = 0
configure:3343: ./conftest
configure:3347: $? = 0
configure:3335: result: no
configure:3340: checking for suffix of object files
configure:3362: /workspaces/sinsy/emsdk/upstream/emscripten/emcc -c   conftest.c >&5
configure:3366: $? = 0
configure:3387: result: o
configure:3391: checking whether we are using the GNU C compiler
configure:3410: /workspaces/sinsy/emsdk/upstream/emscripten/emcc -c   conftest.c >&5
configure:3410: $? = 0
configure:3419: result: yes
configure:3428: checking whether /workspaces/sinsy/emsdk/upstream/emscripten/emcc accepts -g
configure:3448: /workspaces/sinsy/emsdk/upstream/emscripten/emcc -c -g  conftest.c >&5
configure:3448: $? = 0
configure:3489: result: yes
configure:3506: checking for /workspaces/sinsy/emsdk/upstream/emscripten/emcc option to accept ISO C89
configure:3569: /workspaces/sinsy/emsdk/upstream/emscripten/emcc  -c -g -O2  conftest.c >&5
conftest.c:17:14: warning: a function definition without a prototype is deprecated in all versions of C and is not supported in C23 [-Wdeprecated-non-prototype]
   17 | static char *e (p, i)
      |              ^
1 warning generated.
configure:3569: $? = 0
configure:3582: result: none needed
configure:3607: checking whether /workspaces/sinsy/emsdk/upstream/emscripten/emcc understands -c and -o together
configure:3629: /workspaces/sinsy/emsdk/upstream/emscripten/emcc -c conftest.c -o conftest2.o
configure:3632: $? = 0
configure:3629: /workspaces/sinsy/emsdk/upstream/emscripten/emcc -c conftest.c -o conftest2.o
configure:3632: $? = 0
configure:3644: result: yes
configure:3664: checking whether make supports the include directive
configure:3679: make -f confmf.GNU && cat confinc.out
this is the am__doit target
configure:3682: $? = 0
configure:3701: result: yes (GNU style)
configure:3726: checking dependency style of /workspaces/sinsy/emsdk/upstream/emscripten/emcc
configure:3837: result: gcc3
configure:3857: checking for wasm32-unknown-emscripten-ranlib
configure:3884: result: /workspaces/sinsy/emsdk/upstream/emscripten/emranlib
configure:3952: checking for wasm32-unknown-emscripten-ar
configure:3979: result: /workspaces/sinsy/emsdk/upstream/emscripten/emar
configure:4045: checking for log in -lm
configure:4070: /workspaces/sinsy/emsdk/upstream/emscripten/emcc -o conftest -g -O2   conftest.c -lm   >&5
conftest.c:18:6: warning: incompatible redeclaration of library function 'log' [-Wincompatible-library-redeclaration]
   18 | char log ();
      |      ^
conftest.c:18:6: note: 'log' is a builtin with type 'double (double)'
1 warning generated.
wasm-ld: warning: function signature mismatch: log
>>> defined as () -> i32 in /tmp/emscripten_temp_x3nmz3_z/conftest.o
>>> defined as (f64) -> f64 in /workspaces/sinsy/emsdk/upstream/emscripten/cache/sysroot/lib/wasm32-emscripten/libc.a(log.o)
emcc: warning: running limited binaryen optimizations because DWARF info requested (or indirectly required) [-Wlimited-postlink-optimizations]
configure:4070: $? = 0
configure:4079: result: yes
configure:4098: checking how to run the C preprocessor
configure:4129: /workspaces/sinsy/emsdk/upstream/emscripten/emcc -E  conftest.c
configure:4129: $? = 0
configure:4143: /workspaces/sinsy/emsdk/upstream/emscripten/emcc -E  conftest.c
conftest.c:12:10: fatal error: 'ac_nonexistent.h' file not found
   12 | #include <ac_nonexistent.h>
      |          ^~~~~~~~~~~~~~~~~~
1 error generated.
configure:4143: $? = 1
configure: failed program was:
| /* confdefs.h */
| #define PACKAGE_NAME "hts_engine_API"
| #define PACKAGE_TARNAME "hts_engine_API"
| #define PACKAGE_VERSION "1.10"
| #define PACKAGE_STRING "hts_engine_API 1.10"
| #define PACKAGE_BUGREPORT "hts-engine-users@lists.sourceforge.net"
| #define PACKAGE_URL ""
| #define PACKAGE "hts_engine_API"
| #define VERSION "1.10"
| #define HAVE_LIBM 1
| /* end confdefs.h.  */
| #include <ac_nonexistent.h>
configure:4168: result: /workspaces/sinsy/emsdk/upstream/emscripten/emcc -E
configure:4188: /workspaces/sinsy/emsdk/upstream/emscripten/emcc -E  conftest.c
configure:4188: $? = 0
configure:4202: /workspaces/sinsy/emsdk/upstream/emscripten/emcc -E  conftest.c
conftest.c:12:10: fatal error: 'ac_nonexistent.h' file not found
   12 | #include <ac_nonexistent.h>
      |          ^~~~~~~~~~~~~~~~~~
1 error generated.
configure:4202: $? = 1
configure: failed program was:
| /* confdefs.h */
| #define PACKAGE_NAME "hts_engine_API"
| #define PACKAGE_TARNAME "hts_engine_API"
| #define PACKAGE_VERSION "1.10"
| #define PACKAGE_STRING "hts_engine_API 1.10"
| #define PACKAGE_BUGREPORT "hts-engine-users@lists.sourceforge.net"
| #define PACKAGE_URL ""
| #define PACKAGE "hts_engine_API"
| #define VERSION "1.10"
| #define HAVE_LIBM 1
| /* end confdefs.h.  */
| #include <ac_nonexistent.h>
configure:4231: checking for grep that handles long lines and -e
configure:4289: result: /usr/bin/grep
configure:4294: checking for egrep
configure:4356: result: /usr/bin/grep -E
configure:4361: checking for ANSI C header files
configure:4381: /workspaces/sinsy/emsdk/upstream/emscripten/emcc -c -g -O2  conftest.c >&5
configure:4381: $? = 0
configure:4454: /workspaces/sinsy/emsdk/upstream/emscripten/emcc -o conftest -g -O2   conftest.c -lm  >&5
emcc: warning: running limited binaryen optimizations because DWARF info requested (or indirectly required) [-Wlimited-postlink-optimizations]
configure:4454: $? = 0
configure:4454: ./conftest
configure:4454: $? = 0
configure:4465: result: yes
configure:4478: checking for sys/types.h
configure:4478: /workspaces/sinsy/emsdk/upstream/emscripten/emcc -c -g -O2  conftest.c >&5
configure:4478: $? = 0
configure:4478: result: yes
configure:4478: checking for sys/stat.h
configure:4478: /workspaces/sinsy/emsdk/upstream/emscripten/emcc -c -g -O2  conftest.c >&5
configure:4478: $? = 0
configure:4478: result: yes
configure:4478: checking for stdlib.h
configure:4478: /workspaces/sinsy/emsdk/upstream/emscripten/emcc -c -g -O2  conftest.c >&5
configure:4478: $? = 0
configure:4478: result: yes
configure:4478: checking for string.h
configure:4478: /workspaces/sinsy/emsdk/upstream/emscripten/emcc -c -g -O2  conftest.c >&5
configure:4478: $? = 0
configure:4478: result: yes
configure:4478: checking for memory.h
configure:4478: /workspaces/sinsy/emsdk/upstream/emscripten/emcc -c -g -O2  conftest.c >&5
configure:4478: $? = 0
configure:4478: result: yes
configure:4478: checking for strings.h
configure:4478: /workspaces/sinsy/emsdk/upstream/emscripten/emcc -c -g -O2  conftest.c >&5
configure:4478: $? = 0
configure:4478: result: yes
configure:4478: checking for inttypes.h
configure:4478: /workspaces/sinsy/emsdk/upstream/emscripten/emcc -c -g -O2  conftest.c >&5
configure:4478: $? = 0
configure:4478: result: yes
configure:4478: checking for stdint.h
configure:4478: /workspaces/sinsy/emsdk/upstream/emscripten/emcc -c -g -O2  conftest.c >&5
configure:4478: $? = 0
configure:4478: result: yes
configure:4478: checking for unistd.h
configure:4478: /workspaces/sinsy/emsdk/upstream/emscripten/emcc -c -g -O2  conftest.c >&5
configure:4478: $? = 0
configure:4478: result: yes
configure:4493: checking for stdlib.h
configure:4493: result: yes
configure:4493: checking for string.h
configure:4493: result: yes
configure:4506: checking for an ANSI C-conforming const
configure:4572: /workspaces/sinsy/emsdk/upstream/emscripten/emcc -c -g -O2  conftest.c >&5
configure:4572: $? = 0
configure:4579: result: yes
configure:4587: checking for size_t
configure:4587: /workspaces/sinsy/emsdk/upstream/emscripten/emcc -c -g -O2  conftest.c >&5
configure:4587: $? = 0
configure:4587: /workspaces/sinsy/emsdk/upstream/emscripten/emcc -c -g -O2  conftest.c >&5
conftest.c:60:21: error: expected expression
   60 | if (sizeof ((size_t)))
      |                     ^
1 error generated.
configure:4587: $? = 1
configure: failed program was:
| /* confdefs.h */
| #define PACKAGE_NAME "hts_engine_API"
| #define PACKAGE_TARNAME "hts_engine_API"
| #define PACKAGE_VERSION "1.10"
| #define PACKAGE_STRING "hts_engine_API 1.10"
| #define PACKAGE_BUGREPORT "hts-engine-users@lists.sourceforge.net"
| #define PACKAGE_URL ""
| #define PACKAGE "hts_engine_API"
| #define VERSION "1.10"
| #define HAVE_LIBM 1
| #define STDC_HEADERS 1
| #define HAVE_SYS_TYPES_H 1
| #define HAVE_SYS_STAT_H 1
| #define HAVE_STDLIB_H 1
| #define HAVE_STRING_H 1
| #define HAVE_MEMORY_H 1
| #define HAVE_STRINGS_H 1
| #define HAVE_INTTYPES_H 1
| #define HAVE_STDINT_H 1
| #define HAVE_UNISTD_H 1
| #define HAVE_STDLIB_H 1
| #define HAVE_STRING_H 1
| /* end confdefs.h.  */
| #include <stdio.h>
| #ifdef HAVE_SYS_TYPES_H
| # include <sys/types.h>
| #endif
| #ifdef HAVE_SYS_STAT_H
| # include <sys/stat.h>
| #endif
| #ifdef STDC_HEADERS
| # include <stdlib.h>
| # include <stddef.h>
| #else
| # ifdef HAVE_STDLIB_H
| #  include <stdlib.h>
| # endif
| #endif
| #ifdef HAVE_STRING_H
| # if !defined STDC_HEADERS && defined HAVE_MEMORY_H
| #  include <memory.h>
| # endif
| # include <string.h>
| #endif
| #ifdef HAVE_STRINGS_H
| # include <strings.h>
| #endif
| #ifdef HAVE_INTTYPES_H
| # include <inttypes.h>
| #endif
| #ifdef HAVE_STDINT_H
| # include <stdint.h>
| #endif
| #ifdef HAVE_UNISTD_H
| # include <unistd.h>
| #endif
| int
| main ()
| {
| if (sizeof ((size_t)))
| 	    return 0;
|   ;
|   return 0;
| }
configure:4587: result: yes
configure:4602: checking for vprintf
configure:4602: /workspaces/sinsy/emsdk/upstream/emscripten/emcc -o conftest -g -O2   conftest.c -lm  >&5
conftest.c:47:6: warning: incompatible redeclaration of library function 'vprintf' [-Wincompatible-library-redeclaration]
   47 | char vprintf ();
      |      ^
conftest.c:47:6: note: 'vprintf' is a builtin with type 'int (const char *restrict, __builtin_va_list)'
1 warning generated.
wasm-ld: warning: function signature mismatch: vprintf
>>> defined as () -> i32 in /tmp/emscripten_temp__jtt9_55/conftest.o
>>> defined as (i32, i32) -> i32 in /workspaces/sinsy/emsdk/upstream/emscripten/cache/sysroot/lib/wasm32-emscripten/libc.a(vprintf.o)
emcc: warning: running limited binaryen optimizations because DWARF info requested (or indirectly required) [-Wlimited-postlink-optimizations]
configure:4602: $? = 0
configure:4602: result: yes
configure:4608: checking for _doprnt
configure:4608: /workspaces/sinsy/emsdk/upstream/emscripten/emcc -o conftest -g -O2   conftest.c -lm  >&5
wasm-ld: error: /tmp/emscripten_temp_vo4b73tt/conftest.o: undefined symbol: _doprnt
emcc: error: '/workspaces/sinsy/emsdk/upstream/bin/wasm-ld -o conftest.wasm -mllvm -combiner-global-alias-analysis=false -mllvm -enable-emscripten-sjlj -mllvm -disable-lsr /tmp/tmp51os03i7libemscripten_js_symbols.so --export=_emscripten_stack_alloc --export=__funcs_on_exit --export=__wasm_call_ctors --export=emscripten_stack_get_current --export=_emscripten_stack_restore --export-if-defined=__start_em_asm --export-if-defined=__stop_em_asm --export-if-defined=__start_em_lib_deps --export-if-defined=__stop_em_lib_deps --export-if-defined=__start_em_js --export-if-defined=__stop_em_js --export-if-defined=main --export-if-defined=__main_argc_argv --export-if-defined=fflush --export-table -z stack-size=65536 --no-growable-memory --initial-heap=16777216 --no-entry --no-stack-first --table-base=1 --global-base=1024 /tmp/emscripten_temp_vo4b73tt/conftest.o -L/workspaces/sinsy/emsdk/upstream/emscripten/cache/sysroot/lib/wasm32-emscripten -L/workspaces/sinsy/emsdk/upstream/emscripten/src/lib -lGL-getprocaddr -lal -lhtml5 -lstubs -lc -ldlmalloc -lcompiler_rt -lc++-noexcept -lc++abi-noexcept -lsockets' failed (returned 1)
configure:4608: $? = 1
configure: failed program was:
| /* confdefs.h */
| #define PACKAGE_NAME "hts_engine_API"
| #define PACKAGE_TARNAME "hts_engine_API"
| #define PACKAGE_VERSION "1.10"
| #define PACKAGE_STRING "hts_engine_API 1.10"
| #define PACKAGE_BUGREPORT "hts-engine-users@lists.sourceforge.net"
| #define PACKAGE_URL ""
| #define PACKAGE "hts_engine_API"
| #define VERSION "1.10"
| #define HAVE_LIBM 1
| #define STDC_HEADERS 1
| #define HAVE_SYS_TYPES_H 1
| #define HAVE_SYS_STAT_H 1
| #define HAVE_STDLIB_H 1
| #define HAVE_STRING_H 1
| #define HAVE_MEMORY_H 1
| #define HAVE_STRINGS_H 1
| #define HAVE_INTTYPES_H 1
| #define HAVE_STDINT_H 1
| #define HAVE_UNISTD_H 1
| #define HAVE_STDLIB_H 1
| #define HAVE_STRING_H 1
| #define HAVE_VPRINTF 1
| /* end confdefs.h.  */
| /* Define _doprnt to an innocuous variant, in case <limits.h> declares _doprnt.
|    For example, HP-UX 11i <limits.h> declares gettimeofday.  */
| #define _doprnt innocuous__doprnt
| 
| /* System header to define __stub macros and hopefully few prototypes,
|     which can conflict with char _doprnt (); below.
|     Prefer <limits.h> to <assert.h> if __STDC__ is defined, since
|     <limits.h> exists even on freestanding compilers.  */
| 
| #ifdef __STDC__
| # include <limits.h>
| #else
| # include <assert.h>
| #endif
| 
| #undef _doprnt
| 
| /* Override any GCC internal prototype to avoid an error.
|    Use char because int might match the return type of a GCC
|    builtin and then its argument prototype would still apply.  */
| #ifdef __cplusplus
| extern "C"
| #endif
| char _doprnt ();
| /* The GNU C library defines this for functions which it implements
|     to always fail with ENOSYS.  Some functions are actually named
|     something starting with __ and the normal name is an alias.  */
| #if defined __stub__doprnt || defined __stub____doprnt
| choke me
| #endif
| 
| int
| main ()
| {
| return _doprnt ();
|   ;
|   return 0;
| }
configure:4608: result: no
configure:4622: checking for sqrt
configure:4622: /workspaces/sinsy/emsdk/upstream/emscripten/emcc -o conftest -g -O2   conftest.c -lm  >&5
conftest.c:48:6: warning: incompatible redeclaration of library function 'sqrt' [-Wincompatible-library-redeclaration]
   48 | char sqrt ();
      |      ^
conftest.c:48:6: note: 'sqrt' is a builtin with type 'double (double)'
1 warning generated.
wasm-ld: warning: function signature mismatch: sqrt
>>> defined as () -> i32 in /tmp/emscripten_temp_3fxsi047/conftest.o
>>> defined as (f64) -> f64 in /workspaces/sinsy/emsdk/upstream/emscripten/cache/sysroot/lib/wasm32-emscripten/libc.a(sqrt.o)
emcc: warning: running limited binaryen optimizations because DWARF info requested (or indirectly required) [-Wlimited-postlink-optimizations]
configure:4622: $? = 0
configure:4622: result: yes
configure:4622: checking for strchr
configure:4622: /workspaces/sinsy/emsdk/upstream/emscripten/emcc -o conftest -g -O2   conftest.c -lm  >&5
conftest.c:49:6: warning: incompatible redeclaration of library function 'strchr' [-Wincompatible-library-redeclaration]
   49 | char strchr ();
      |      ^
conftest.c:49:6: note: 'strchr' is a builtin with type 'char *(const char *, int)'
1 warning generated.
wasm-ld: warning: function signature mismatch: strchr
>>> defined as () -> i32 in /tmp/emscripten_temp_rgjp_dkb/conftest.o
>>> defined as (i32, i32) -> i32 in /workspaces/sinsy/emsdk/upstream/emscripten/cache/sysroot/lib/wasm32-emscripten/libc.a(strchr.o)
emcc: warning: running limited binaryen optimizations because DWARF info requested (or indirectly required) [-Wlimited-postlink-optimizations]
configure:4622: $? = 0
configure:4622: result: yes
configure:4622: checking for strrchr
configure:4622: /workspaces/sinsy/emsdk/upstream/emscripten/emcc -o conftest -g -O2   conftest.c -lm  >&5
conftest.c:50:6: warning: incompatible redeclaration of library function 'strrchr' [-Wincompatible-library-redeclaration]
   50 | char strrchr ();
      |      ^
conftest.c:50:6: note: 'strrchr' is a builtin with type 'char *(const char *, int)'
1 warning generated.
wasm-ld: warning: function signature mismatch: strrchr
>>> defined as () -> i32 in /tmp/emscripten_temp_l3sdel44/conftest.o
>>> defined as (i32, i32) -> i32 in /workspaces/sinsy/emsdk/upstream/emscripten/cache/sysroot/lib/wasm32-emscripten/libc.a(strrchr.o)
emcc: warning: running limited binaryen optimizations because DWARF info requested (or indirectly required) [-Wlimited-postlink-optimizations]
configure:4622: $? = 0
configure:4622: result: yes
configure:4622: checking for strstr
configure:4622: /workspaces/sinsy/emsdk/upstream/emscripten/emcc -o conftest -g -O2   conftest.c -lm  >&5
conftest.c:51:6: warning: incompatible redeclaration of library function 'strstr' [-Wincompatible-library-redeclaration]
   51 | char strstr ();
      |      ^
conftest.c:51:6: note: 'strstr' is a builtin with type 'char *(const char *, const char *)'
1 warning generated.
wasm-ld: warning: function signature mismatch: strstr
>>> defined as () -> i32 in /tmp/emscripten_temp_4ypx9cl5/conftest.o
>>> defined as (i32, i32) -> i32 in /workspaces/sinsy/emsdk/upstream/emscripten/cache/sysroot/lib/wasm32-emscripten/libc.a(strstr.o)
emcc: warning: running limited binaryen optimizations because DWARF info requested (or indirectly required) [-Wlimited-postlink-optimizations]
configure:4622: $? = 0
configure:4622: result: yes
configure:4641: checking whether to enable compiling for embedded devices
configure:4649: result: no
configure:4662: checking whether to use memory allocation/free functions of speech tools
configure:4670: result: no
configure:4679: checking build system type
configure:4693: result: x86_64-pc-linux-gnu
configure:4713: checking host system type
configure:4726: result: wasm32-unknown-emscripten
configure:4746: checking whether byte ordering is bigendian
configure:4761: /workspaces/sinsy/emsdk/upstream/emscripten/emcc -c -g -O2  conftest.c >&5
conftest.c:30:9: error: unknown type name 'not'
   30 |                not a universal capable compiler
      |                ^
conftest.c:30:14: error: expected ';' after top level declarator
   30 |                not a universal capable compiler
      |                     ^
      |                     ;
2 errors generated.
configure:4761: $? = 1
configure: failed program was:
| /* confdefs.h */
| #define PACKAGE_NAME "hts_engine_API"
| #define PACKAGE_TARNAME "hts_engine_API"
| #define PACKAGE_VERSION "1.10"
| #define PACKAGE_STRING "hts_engine_API 1.10"
| #define PACKAGE_BUGREPORT "hts-engine-users@lists.sourceforge.net"
| #define PACKAGE_URL ""
| #define PACKAGE "hts_engine_API"
| #define VERSION "1.10"
| #define HAVE_LIBM 1
| #define STDC_HEADERS 1
| #define HAVE_SYS_TYPES_H 1
| #define HAVE_SYS_STAT_H 1
| #define HAVE_STDLIB_H 1
| #define HAVE_STRING_H 1
| #define HAVE_MEMORY_H 1
| #define HAVE_STRINGS_H 1
| #define HAVE_INTTYPES_H 1
| #define HAVE_STDINT_H 1
| #define HAVE_UNISTD_H 1
| #define HAVE_STDLIB_H 1
| #define HAVE_STRING_H 1
| #define HAVE_VPRINTF 1
| #define HAVE_SQRT 1
| #define HAVE_STRCHR 1
| #define HAVE_STRRCHR 1
| #define HAVE_STRSTR 1
| /* end confdefs.h.  */
| #ifndef __APPLE_CC__
| 	       not a universal capable compiler
| 	     #endif
| 	     typedef int dummy;
| 
configure:4806: /workspaces/sinsy/emsdk/upstream/emscripten/emcc -c -g -O2  conftest.c >&5
configure:4806: $? = 0
configure:4824: /workspaces/sinsy/emsdk/upstream/emscripten/emcc -c -g -O2  conftest.c >&5
conftest.c:36:4: error: use of undeclared identifier 'not'
   36 |                  not big endian
      |                  ^~~
1 error generated.
configure:4824: $? = 1
configure: failed program was:
| /* confdefs.h */
| #define PACKAGE_NAME "hts_engine_API"
| #define PACKAGE_TARNAME "hts_engine_API"
| #define PACKAGE_VERSION "1.10"
| #define PACKAGE_STRING "hts_engine_API 1.10"
| #define PACKAGE_BUGREPORT "hts-engine-users@lists.sourceforge.net"
| #define PACKAGE_URL ""
| #define PACKAGE "hts_engine_API"
| #define VERSION "1.10"
| #define HAVE_LIBM 1
| #define STDC_HEADERS 1
| #define HAVE_SYS_TYPES_H 1
| #define HAVE_SYS_STAT_H 1
| #define HAVE_STDLIB_H 1
| #define HAVE_STRING_H 1
| #define HAVE_MEMORY_H 1
| #define HAVE_STRINGS_H 1
| #define HAVE_INTTYPES_H 1
| #define HAVE_STDINT_H 1
| #define HAVE_UNISTD_H 1
| #define HAVE_STDLIB_H 1
| #define HAVE_STRING_H 1
| #define HAVE_VPRINTF 1
| #define HAVE_SQRT 1
| #define HAVE_STRCHR 1
| #define HAVE_STRRCHR 1
| #define HAVE_STRSTR 1
| /* end confdefs.h.  */
| #include <sys/types.h>
| 		#include <sys/param.h>
| 
| int
| main ()
| {
| #if BYTE_ORDER != BIG_ENDIAN
| 		 not big endian
| 		#endif
| 
|   ;
|   return 0;
| }
configure:4952: result: no
configure:5163: checking that generated files are newer than configure
configure:5169: result: done
configure:5193: creating ./config.status

## ---------------------- ##
## Running config.status. ##
## ---------------------- ##

This file was extended by hts_engine_API config.status 1.10, which was
generated by GNU Autoconf 2.69.  Invocation command line was

  CONFIG_FILES    = 
  CONFIG_HEADERS  = 
  CONFIG_LINKS    = 
  CONFIG_COMMANDS = 
  $ ./config.status 

on codespaces-11f37e

config.status:786: creating Makefile
config.status:786: creating bin/Makefile
config.status:786: creating lib/Makefile
config.status:958: executing depfiles commands
config.status:1035: cd bin       && sed -e '/# am--include-marker/d' Makefile         | make -f - am--depfiles
make: Nothing to be done for 'am--depfiles'.
config.status:1040: $? = 0
config.status:1035: cd lib       && sed -e '/# am--include-marker/d' Makefile         | make -f - am--depfiles
make: Nothing to be done for 'am--depfiles'.
config.status:1040: $? = 0

## ---------------- ##
## Cache variables. ##
## ---------------- ##

ac_cv_build=x86_64-pc-linux-gnu
ac_cv_c_bigendian=no
ac_cv_c_compiler_gnu=yes
ac_cv_c_const=yes
ac_cv_env_CC_set=set
ac_cv_env_CC_value=/workspaces/sinsy/emsdk/upstream/emscripten/emcc
ac_cv_env_CFLAGS_set=
ac_cv_env_CFLAGS_value=
ac_cv_env_CPPFLAGS_set=
ac_cv_env_CPPFLAGS_value=
ac_cv_env_CPP_set=
ac_cv_env_CPP_value=
ac_cv_env_LDFLAGS_set=
ac_cv_env_LDFLAGS_value=
ac_cv_env_LIBS_set=
ac_cv_env_LIBS_value=
ac_cv_env_build_alias_set=
ac_cv_env_build_alias_value=
ac_cv_env_host_alias_set=set
ac_cv_env_host_alias_value=wasm32-unknown-emscripten
ac_cv_env_target_alias_set=
ac_cv_env_target_alias_value=
ac_cv_func__doprnt=no
ac_cv_func_sqrt=yes
ac_cv_func_strchr=yes
ac_cv_func_strrchr=yes
ac_cv_func_strstr=yes
ac_cv_func_vprintf=yes
ac_cv_header_inttypes_h=yes
ac_cv_header_memory_h=yes
ac_cv_header_stdc=yes
ac_cv_header_stdint_h=yes
ac_cv_header_stdlib_h=yes
ac_cv_header_string_h=yes
ac_cv_header_strings_h=yes
ac_cv_header_sys_stat_h=yes
ac_cv_header_sys_types_h=yes
ac_cv_header_unistd_h=yes
ac_cv_host=wasm32-unknown-emscripten
ac_cv_lib_m_log=yes
ac_cv_objext=o
ac_cv_path_EGREP='/usr/bin/grep -E'
ac_cv_path_GREP=/usr/bin/grep
ac_cv_path_install='/usr/bin/install -c'
ac_cv_path_mkdir=/usr/bin/mkdir
ac_cv_prog_AR=/workspaces/sinsy/emsdk/upstream/emscripten/emar
ac_cv_prog_AWK=gawk
ac_cv_prog_CC=/workspaces/sinsy/emsdk/upstream/emscripten/emcc
ac_cv_prog_CPP='/workspaces/sinsy/emsdk/upstream/emscripten/emcc -E'
ac_cv_prog_RANLIB=/workspaces/sinsy/emsdk/upstream/emscripten/emranlib
ac_cv_prog_ac_ct_STRIP=strip
ac_cv_prog_cc_c89=
ac_cv_prog_cc_g=yes
ac_cv_prog_make_make_set=yes
ac_cv_type_size_t=yes
am_cv_CC_dependencies_compiler_type=gcc3
am_cv_make_support_nested_variables=yes
am_cv_prog_cc_c_o=yes

## ----------------- ##
## Output variables. ##
## ----------------- ##

ACLOCAL='${SHELL} /workspaces/sinsy/hts_engine_API/config/missing aclocal-1.16'
AMDEPBACKSLASH='\'
AMDEP_FALSE='#'
AMDEP_TRUE=''
AMTAR='$${TAR-tar}'
AM_BACKSLASH='\'
AM_DEFAULT_V='$(AM_DEFAULT_VERBOSITY)'
AM_DEFAULT_VERBOSITY='1'
AM_V='$(V)'
AR='/workspaces/sinsy/emsdk/upstream/emscripten/emar'
AUTOCONF='${SHELL} /workspaces/sinsy/hts_engine_API/config/missing autoconf'
AUTOHEADER='${SHELL} /workspaces/sinsy/hts_engine_API/config/missing autoheader'
AUTOMAKE='${SHELL} /workspaces/sinsy/hts_engine_API/config/missing automake-1.16'
AWK='gawk'
CC='/workspaces/sinsy/emsdk/upstream/emscripten/emcc'
CCDEPMODE='depmode=gcc3'
CFLAGS='-g -O2'
CPP='/workspaces/sinsy/emsdk/upstream/emscripten/emcc -E'
CPPFLAGS=''
CYGPATH_W='echo'
DEFS='-DPACKAGE_NAME=\"hts_engine_API\" -DPACKAGE_TARNAME=\"hts_engine_API\" -DPACKAGE_VERSION=\"1.10\" -DPACKAGE_STRING=\"hts_engine_API\ 1.10\" -DPACKAGE_BUGREPORT=\"hts-engine-users@lists.sourceforge.net\" -DPACKAGE_URL=\"\" -DPACKAGE=\"hts_engine_API\" -DVERSION=\"1.10\" -DHAVE_LIBM=1 -DSTDC_HEADERS=1 -DHAVE_SYS_TYPES_H=1 -DHAVE_SYS_STAT_H=1 -DHAVE_STDLIB_H=1 -DHAVE_STRING_H=1 -DHAVE_MEMORY_H=1 -DHAVE_STRINGS_H=1 -DHAVE_INTTYPES_H=1 -DHAVE_STDINT_H=1 -DHAVE_UNISTD_H=1 -DHAVE_STDLIB_H=1 -DHAVE_STRING_H=1 -DHAVE_VPRINTF=1 -DHAVE_SQRT=1 -DHAVE_STRCHR=1 -DHAVE_STRRCHR=1 -DHAVE_STRSTR=1'
DEPDIR='.deps'
ECHO_C=''
ECHO_N='-n'
ECHO_T=''
EGREP='/usr/bin/grep -E'
EXEEXT=''
GREP='/usr/bin/grep'
INSTALL_DATA='${INSTALL} -m 644'
INSTALL_PROGRAM='${INSTALL}'
INSTALL_SCRIPT='${INSTALL}'
INSTALL_STRIP_PROGRAM='$(install_sh) -c -s'
LDFLAGS=''
LIBOBJS=''
LIBS='-lm '
LTLIBOBJS=''
MAKEINFO='${SHELL} /workspaces/sinsy/hts_engine_API/config/missing makeinfo'
MKDIR_P='/usr/bin/mkdir -p'
OBJEXT='o'
PACKAGE='hts_engine_API'
PACKAGE_BUGREPORT='hts-engine-users@lists.sourceforge.net'
PACKAGE_NAME='hts_engine_API'
PACKAGE_STRING='hts_engine_API 1.10'
PACKAGE_TARNAME='hts_engine_API'
PACKAGE_URL=''
PACKAGE_VERSION='1.10'
PATH_SEPARATOR=':'
RANLIB='/workspaces/sinsy/emsdk/upstream/emscripten/emranlib'
SET_MAKE=''
SHELL='/bin/bash'
STRIP='strip'
VERSION='1.10'
ac_ct_CC=''
am__EXEEXT_FALSE=''
am__EXEEXT_TRUE='#'
am__fastdepCC_FALSE='#'
am__fastdepCC_TRUE=''
am__include='include'
am__isrc=''
am__leading_dot='.'
am__nodep='_no'
am__quote=''
am__tar='$${TAR-tar} chof - "$$tardir"'
am__untar='$${TAR-tar} xf -'
bindir='${exec_prefix}/bin'
build='x86_64-pc-linux-gnu'
build_alias=''
build_cpu='x86_64'
build_os='linux-gnu'
build_vendor='pc'
datadir='${datarootdir}'
datarootdir='${prefix}/share'
docdir='${datarootdir}/doc/${PACKAGE_TARNAME}'
dvidir='${docdir}'
exec_prefix='${prefix}'
host='wasm32-unknown-emscripten'
host_alias='wasm32-unknown-emscripten'
host_cpu='wasm32'
host_os='emscripten'
host_vendor='unknown'
htmldir='${docdir}'
includedir='${prefix}/include'
infodir='${datarootdir}/info'
install_sh='${SHELL} /workspaces/sinsy/hts_engine_API/config/install-sh'
libdir='${exec_prefix}/lib'
libexecdir='${exec_prefix}/libexec'
localedir='${datarootdir}/locale'
localstatedir='${prefix}/var'
mandir='${datarootdir}/man'
mkdir_p='$(MKDIR_P)'
oldincludedir='/usr/include'
pdfdir='${docdir}'
prefix='/workspaces/sinsy/wasm_install'
program_transform_name='s,x,x,'
psdir='${docdir}'
runstatedir='${localstatedir}/run'
sbindir='${exec_prefix}/sbin'
sharedstatedir='${prefix}/com'
sysconfdir='${prefix}/etc'
target_alias=''

## ----------- ##
## confdefs.h. ##
## ----------- ##

/* confdefs.h */
#define PACKAGE_NAME "hts_engine_API"
#define PACKAGE_TARNAME "hts_engine_API"
#define PACKAGE_VERSION "1.10"
#define PACKAGE_STRING "hts_engine_API 1.10"
#define PACKAGE_BUGREPORT "hts-engine-users@lists.sourceforge.net"
#define PACKAGE_URL ""
#define PACKAGE "hts_engine_API"
#define VERSION "1.10"
#define HAVE_LIBM 1
#define STDC_HEADERS 1
#define HAVE_SYS_TYPES_H 1
#define HAVE_SYS_STAT_H 1
#define HAVE_STDLIB_H 1
#define HAVE_STRING_H 1
#define HAVE_MEMORY_H 1
#define HAVE_STRINGS_H 1
#define HAVE_INTTYPES_H 1
#define HAVE_STDINT_H 1
#define HAVE_UNISTD_H 1
#define HAVE_STDLIB_H 1
#define HAVE_STRING_H 1
#define HAVE_VPRINTF 1
#define HAVE_SQRT 1
#define HAVE_STRCHR 1
#define HAVE_STRRCHR 1
#define HAVE_STRSTR 1

configure: exit 0
